<?xml version="1.0" encoding="UTF-8"?>
<!-- Generated by org.testng.reporters.JUnitReportReporter -->
<testsuite hostname="Lakshmi" failures="0" tests="3" name="com.restfuldemo.automation.CreateBooking" time="3.004" errors="0" timestamp="2022-11-28T21:06:48 GMT" skipped="0">
  <testcase classname="com.restfuldemo.automation.CreateBooking" name="createBooking" time="0.518"/>
  <system-out/>
  <testcase classname="com.restfuldemo.automation.CreateBooking" name="createBooking" time="0.518"/>
  <system-out/>
  <testcase classname="com.restfuldemo.automation.CreateBooking" name="createBooking" time="1.968"/>
  <system-out/>
</testsuite> <!-- com.restfuldemo.automation.CreateBooking -->
