<?xml version="1.0" encoding="UTF-8"?>
<!-- Generated by org.testng.reporters.JUnitReportReporter -->
<testsuite hostname="Lakshmi" failures="0" tests="1" name="com.restfuldemo.automation.UpdateBooking" time="0.601" errors="0" timestamp="2022-11-28T21:06:48 GMT" skipped="0">
  <testcase classname="com.restfuldemo.automation.UpdateBooking" name="updateBooking" time="0.601"/>
  <system-out/>
</testsuite> <!-- com.restfuldemo.automation.UpdateBooking -->
