<?xml version="1.0" encoding="UTF-8"?>
<!-- Generated by org.testng.reporters.JUnitReportReporter -->
<testsuite hostname="Lakshmi" failures="0" tests="1" name="com.restfuldemo.automation.GetBooking" time="0.869" errors="0" timestamp="2022-11-28T17:09:22 GMT" skipped="0">
  <testcase classname="com.restfuldemo.automation.GetBooking" name="getBooking" time="0.869"/>
  <system-out/>
</testsuite> <!-- com.restfuldemo.automation.GetBooking -->
