<?xml version="1.0" encoding="UTF-8"?>
<!-- Generated by org.testng.reporters.JUnitReportReporter -->
<testsuite hostname="Lakshmi" failures="0" tests="1" name="com.restfuldemo.automation.CreateToken" time="0.595" errors="0" timestamp="2022-11-28T21:06:48 GMT" skipped="0">
  <testcase classname="com.restfuldemo.automation.CreateToken" name="createToken" time="0.595"/>
  <system-out/>
</testsuite> <!-- com.restfuldemo.automation.CreateToken -->
